Wed Nov 10 12:23:12 UTC 2021 - Executing "python3 /openLANE_flow/scripts/extract_metal_layers.py -t /home/harshith/openlane/pdks/sky130A/libs.ref/sky130_fd_sc_hd/techlef/sky130_fd_sc_hd.tlef -o /openLANE_flow/designs/usr_nbit/runs/usr4/tmp/met_layers_list.txt"

Wed Nov 10 12:23:12 UTC 2021 - Executing "/openLANE_flow/scripts/mergeLef.py -i /home/harshith/openlane/pdks/sky130A/libs.ref/sky130_fd_sc_hd/techlef/sky130_fd_sc_hd.tlef {/home/harshith/openlane/pdks/sky130A/libs.ref/sky130_fd_sc_hd/lef/sky130_ef_sc_hd__fill_12.lef /home/harshith/openlane/pdks/sky130A/libs.ref/sky130_fd_sc_hd/lef/sky130_ef_sc_hd__decap_12.lef /home/harshith/openlane/pdks/sky130A/libs.ref/sky130_fd_sc_hd/lef/sky130_ef_sc_hd__fakediode_2.lef /home/harshith/openlane/pdks/sky130A/libs.ref/sky130_fd_sc_hd/lef/sky130_fd_sc_hd.lef} -o /openLANE_flow/designs/usr_nbit/runs/usr4/tmp/merged_unpadded.lef |& tee >&@stdout"

Wed Nov 10 12:23:13 UTC 2021 - Executing "/openLANE_flow/scripts/libtrim.pl /home/harshith/openlane/pdks/sky130A/libs.ref/sky130_fd_sc_hd/lib/sky130_fd_sc_hd__tt_025C_1v80.lib /openLANE_flow/designs/usr_nbit/runs/usr4/tmp/trimmed.lib.exclude.list > /openLANE_flow/designs/usr_nbit/runs/usr4/tmp/trimmed.lib"

Wed Nov 10 12:23:13 UTC 2021 - Executing "echo {openlane v0.18} > /openLANE_flow/designs/usr_nbit/runs/usr4/OPENLANE_VERSION"

Wed Nov 10 12:23:13 UTC 2021 - Executing "sed -E {s/^([[:space:]]+)pg_pin(.*)/\1pin\2\n\1    direction : "inout";/g} /home/harshith/openlane/pdks/sky130A/libs.ref/sky130_fd_sc_hd/lib/sky130_fd_sc_hd__tt_025C_1v80.lib > /openLANE_flow/designs/usr_nbit/runs/usr4/tmp/sky130_fd_sc_hd__tt_025C_1v80.no_pg.lib"

Wed Nov 10 12:23:13 UTC 2021 - Executing "yosys -c /openLANE_flow/scripts/synth.tcl -l /openLANE_flow/designs/usr_nbit/runs/usr4/logs/synthesis/1-yosys.log |& tee >&@stdout"

Wed Nov 10 12:23:14 UTC 2021 - Executing "sed -i -e {s/\(set ::env(CURRENT_NETLIST)\).*/\1 \/openLANE_flow\/designs\/usr_nbit\/runs\/usr4\/results\/synthesis\/usr_nbit.synthesis.v/} /openLANE_flow/designs/usr_nbit/runs/usr4/config.tcl"

Wed Nov 10 12:23:14 UTC 2021 - Executing "sed -i -e {s/\(set ::env(PREV_NETLIST)\).*/\1 0/} /openLANE_flow/designs/usr_nbit/runs/usr4/config.tcl"

Wed Nov 10 12:23:14 UTC 2021 - Executing "sed -i /defparam/d /openLANE_flow/designs/usr_nbit/runs/usr4/results/synthesis/usr_nbit.synthesis.v"

Wed Nov 10 12:23:14 UTC 2021 - Executing "sta /openLANE_flow/scripts/sta.tcl |& tee >&@stdout /openLANE_flow/designs/usr_nbit/runs/usr4/logs/synthesis/2-opensta"

Wed Nov 10 12:23:15 UTC 2021 - Executing "openroad -exit /openLANE_flow/scripts/openroad/or_floorplan.tcl |& tee >&@stdout /openLANE_flow/designs/usr_nbit/runs/usr4/logs/floorplan/3-verilog2def.openroad.log"

Wed Nov 10 12:23:16 UTC 2021 - Executing "openroad -exit /openLANE_flow/scripts/openroad/or_ioplacer.tcl |& tee >&@stdout /openLANE_flow/designs/usr_nbit/runs/usr4/logs/floorplan/4-ioPlacer.log"

Wed Nov 10 12:23:17 UTC 2021 - Executing "openroad -exit /openLANE_flow/scripts/openroad/or_tapcell.tcl |& tee >&@stdout /openLANE_flow/designs/usr_nbit/runs/usr4/logs/floorplan/5-tapcell.log"

Wed Nov 10 12:23:17 UTC 2021 - Executing "bash /openLANE_flow/scripts/klayout/scrotLayout.sh /home/harshith/openlane/pdks/sky130A/libs.tech/klayout/sky130A.lyt /openLANE_flow/designs/usr_nbit/runs/usr4/results/floorplan/usr_nbit.floorplan.def |& tee >&@stdout /openLANE_flow/designs/usr_nbit/runs/usr4/logs/klayout/6-klayout.scrot.log"

Wed Nov 10 12:23:22 UTC 2021 - Executing "openroad -exit /openLANE_flow/scripts/openroad/or_pdn.tcl |& tee >&@stdout /openLANE_flow/designs/usr_nbit/runs/usr4/logs/floorplan/7-pdn.log"

Wed Nov 10 12:23:23 UTC 2021 - Executing "openroad -exit /openLANE_flow/scripts/openroad/or_replace.tcl |& tee >&@stdout /openLANE_flow/designs/usr_nbit/runs/usr4/logs/placement/8-replace.log"

Wed Nov 10 12:23:25 UTC 2021 - Executing "openroad -exit /openLANE_flow/scripts/openroad/or_resizer.tcl |& tee >&@stdout /openLANE_flow/designs/usr_nbit/runs/usr4/logs/placement/8-resizer.log"

Wed Nov 10 12:23:26 UTC 2021 - Executing "openroad -exit /openLANE_flow/scripts/openroad/or_write_verilog.tcl |& tee >&@stdout /openLANE_flow/designs/usr_nbit/runs/usr4/logs/9-write_verilog.log"

Wed Nov 10 12:23:27 UTC 2021 - Executing "sed -i -e {s/\(set ::env(CURRENT_NETLIST)\).*/\1 \/openLANE_flow\/designs\/usr_nbit\/runs\/usr4\/results\/synthesis\/usr_nbit.synthesis_optimized.v/} /openLANE_flow/designs/usr_nbit/runs/usr4/config.tcl"

Wed Nov 10 12:23:27 UTC 2021 - Executing "sed -i -e {s/\(set ::env(PREV_NETLIST)\).*/\1 \/openLANE_flow\/designs\/usr_nbit\/runs\/usr4\/results\/synthesis\/usr_nbit.synthesis.v/} /openLANE_flow/designs/usr_nbit/runs/usr4/config.tcl"

Wed Nov 10 12:23:27 UTC 2021 - Executing "sta /openLANE_flow/scripts/sta.tcl |& tee >&@stdout /openLANE_flow/designs/usr_nbit/runs/usr4/logs/synthesis/10-opensta_post_resizer"

Wed Nov 10 12:23:28 UTC 2021 - Executing "openroad -exit /openLANE_flow/scripts/openroad/or_opendp.tcl |& tee >&@stdout /openLANE_flow/designs/usr_nbit/runs/usr4/logs/placement/11-opendp.log"

Wed Nov 10 12:23:29 UTC 2021 - Executing "bash /openLANE_flow/scripts/klayout/scrotLayout.sh /home/harshith/openlane/pdks/sky130A/libs.tech/klayout/sky130A.lyt /openLANE_flow/designs/usr_nbit/runs/usr4/results/placement/usr_nbit.placement.def |& tee >&@stdout /openLANE_flow/designs/usr_nbit/runs/usr4/logs/klayout/12-klayout.scrot.log"

Wed Nov 10 12:23:33 UTC 2021 - Executing "/openLANE_flow/scripts/libtrim.pl /home/harshith/openlane/pdks/sky130A/libs.ref/sky130_fd_sc_hd/lib/sky130_fd_sc_hd__tt_025C_1v80.lib /openLANE_flow/designs/usr_nbit/runs/usr4/tmp/cts.lib.exclude.list > /openLANE_flow/designs/usr_nbit/runs/usr4/tmp/cts.lib"

Wed Nov 10 12:23:33 UTC 2021 - Executing "openroad -exit /openLANE_flow/scripts/openroad/or_cts.tcl |& tee >&@stdout /openLANE_flow/designs/usr_nbit/runs/usr4/logs/cts/13-cts.log"

Wed Nov 10 12:24:32 UTC 2021 - Executing "openroad -exit /openLANE_flow/scripts/openroad/or_write_verilog.tcl |& tee >&@stdout /openLANE_flow/designs/usr_nbit/runs/usr4/logs/14-write_verilog.log"

Wed Nov 10 12:24:32 UTC 2021 - Executing "sed -i -e {s/\(set ::env(CURRENT_NETLIST)\).*/\1 \/openLANE_flow\/designs\/usr_nbit\/runs\/usr4\/results\/synthesis\/usr_nbit.synthesis_cts.v/} /openLANE_flow/designs/usr_nbit/runs/usr4/config.tcl"

Wed Nov 10 12:24:32 UTC 2021 - Executing "sed -i -e {s/\(set ::env(PREV_NETLIST)\).*/\1 \/openLANE_flow\/designs\/usr_nbit\/runs\/usr4\/results\/synthesis\/usr_nbit.synthesis_optimized.v/} /openLANE_flow/designs/usr_nbit/runs/usr4/config.tcl"

Wed Nov 10 12:24:32 UTC 2021 - Executing "bash /openLANE_flow/scripts/klayout/scrotLayout.sh /home/harshith/openlane/pdks/sky130A/libs.tech/klayout/sky130A.lyt /openLANE_flow/designs/usr_nbit/runs/usr4/results/cts/usr_nbit.cts.def |& tee >&@stdout /openLANE_flow/designs/usr_nbit/runs/usr4/logs/klayout/15-klayout.scrot.log"

Wed Nov 10 12:24:37 UTC 2021 - Executing "openroad -exit /openLANE_flow/scripts/openroad/or_resizer_timing.tcl |& tee >&@stdout /openLANE_flow/designs/usr_nbit/runs/usr4/logs/placement/15-resizer_timing.log"

Wed Nov 10 12:24:38 UTC 2021 - Executing "openroad -exit /openLANE_flow/scripts/openroad/or_write_verilog.tcl |& tee >&@stdout /openLANE_flow/designs/usr_nbit/runs/usr4/logs/16-write_verilog.log"

Wed Nov 10 12:24:39 UTC 2021 - Executing "sed -i -e {s/\(set ::env(CURRENT_NETLIST)\).*/\1 \/openLANE_flow\/designs\/usr_nbit\/runs\/usr4\/results\/synthesis\/usr_nbit.synthesis_optimized.v/} /openLANE_flow/designs/usr_nbit/runs/usr4/config.tcl"

Wed Nov 10 12:24:39 UTC 2021 - Executing "sed -i -e {s/\(set ::env(PREV_NETLIST)\).*/\1 \/openLANE_flow\/designs\/usr_nbit\/runs\/usr4\/results\/synthesis\/usr_nbit.synthesis_cts.v/} /openLANE_flow/designs/usr_nbit/runs/usr4/config.tcl"

Wed Nov 10 12:24:39 UTC 2021 - Executing "sta /openLANE_flow/scripts/sta.tcl |& tee >&@stdout /openLANE_flow/designs/usr_nbit/runs/usr4/logs/synthesis/17-opensta_post_resizer_timing"

Wed Nov 10 12:24:40 UTC 2021 - Executing "openroad -exit /openLANE_flow/scripts/openroad/or_groute.tcl |& tee >&@stdout /openLANE_flow/designs/usr_nbit/runs/usr4/logs/routing/18-fastroute.log"

Wed Nov 10 12:24:42 UTC 2021 - Executing "openroad -exit /openLANE_flow/scripts/openroad/or_fill.tcl |& tee >&@stdout /openLANE_flow/designs/usr_nbit/runs/usr4/logs/routing/19-addspacers.log"

Wed Nov 10 12:24:43 UTC 2021 - Executing "openroad -exit /openLANE_flow/scripts/openroad/or_write_verilog.tcl |& tee >&@stdout /openLANE_flow/designs/usr_nbit/runs/usr4/logs/20-write_verilog.log"

Wed Nov 10 12:24:44 UTC 2021 - Executing "sed -i -e {s/\(set ::env(CURRENT_NETLIST)\).*/\1 \/openLANE_flow\/designs\/usr_nbit\/runs\/usr4\/results\/synthesis\/usr_nbit.synthesis_preroute.v/} /openLANE_flow/designs/usr_nbit/runs/usr4/config.tcl"

Wed Nov 10 12:24:44 UTC 2021 - Executing "sed -i -e {s/\(set ::env(PREV_NETLIST)\).*/\1 \/openLANE_flow\/designs\/usr_nbit\/runs\/usr4\/results\/synthesis\/usr_nbit.synthesis_optimized.v/} /openLANE_flow/designs/usr_nbit/runs/usr4/config.tcl"

Wed Nov 10 12:24:44 UTC 2021 - Executing "envsubst < /openLANE_flow/scripts/tritonRoute.param > /openLANE_flow/designs/usr_nbit/runs/usr4/tmp/routing/21-tritonRoute.param"

Wed Nov 10 12:24:44 UTC 2021 - Executing "TritonRoute /openLANE_flow/designs/usr_nbit/runs/usr4/tmp/routing/21-tritonRoute.param |& tee >&@stdout /openLANE_flow/designs/usr_nbit/runs/usr4/logs/routing/21-tritonRoute.log"

Wed Nov 10 12:24:47 UTC 2021 - Executing "python3 /openLANE_flow/scripts/tr2klayout.py -i /openLANE_flow/designs/usr_nbit/runs/usr4/reports/routing/21-tritonRoute.drc -o /openLANE_flow/designs/usr_nbit/runs/usr4/reports/routing/21-tritonRoute.klayout.xml --design-name usr_nbit"

Wed Nov 10 12:24:47 UTC 2021 - Executing "bash /openLANE_flow/scripts/klayout/scrotLayout.sh /home/harshith/openlane/pdks/sky130A/libs.tech/klayout/sky130A.lyt /openLANE_flow/designs/usr_nbit/runs/usr4/results/routing/usr_nbit.def |& tee >&@stdout /openLANE_flow/designs/usr_nbit/runs/usr4/logs/klayout/22-klayout.scrot.log"

Wed Nov 10 12:24:51 UTC 2021 - Executing "python3 /openLANE_flow/scripts/spef_extractor/main.py -l /openLANE_flow/designs/usr_nbit/runs/usr4/tmp/merged_unpadded.lef -d /openLANE_flow/designs/usr_nbit/runs/usr4/results/routing/usr_nbit.def -mw L -ec 1 |& tee >&@stdout /openLANE_flow/designs/usr_nbit/runs/usr4/logs/routing/23-spef_extraction.log"

Wed Nov 10 12:24:52 UTC 2021 - Executing "sta /openLANE_flow/scripts/sta.tcl |& tee >&@stdout /openLANE_flow/designs/usr_nbit/runs/usr4/logs/synthesis/24-opensta_spef"

Wed Nov 10 12:24:53 UTC 2021 - Executing "python3 /openLANE_flow/scripts/write_powered_def.py -d /openLANE_flow/designs/usr_nbit/runs/usr4/results/routing/usr_nbit.def -l /openLANE_flow/designs/usr_nbit/runs/usr4/tmp/merged.lef --power-port VPWR --ground-port VGND --powered-netlist {} -o /openLANE_flow/designs/usr_nbit/runs/usr4/tmp/routing/25-usr_nbit.powered.def |& tee >&@stdout /openLANE_flow/designs/usr_nbit/runs/usr4/logs/lvs/25-write_powered_verilog.log"

Wed Nov 10 12:24:53 UTC 2021 - Executing "openroad -exit /openLANE_flow/scripts/openroad/or_write_verilog.tcl |& tee >&@stdout /openLANE_flow/designs/usr_nbit/runs/usr4/logs/26-write_verilog.log"

Wed Nov 10 12:24:54 UTC 2021 - Executing "sed -i -e {s/\(set ::env(CURRENT_NETLIST)\).*/\1 \/openLANE_flow\/designs\/usr_nbit\/runs\/usr4\/results\/lvs\/usr_nbit.lvs.powered.v/} /openLANE_flow/designs/usr_nbit/runs/usr4/config.tcl"

Wed Nov 10 12:24:54 UTC 2021 - Executing "sed -i -e {s/\(set ::env(PREV_NETLIST)\).*/\1 \/openLANE_flow\/designs\/usr_nbit\/runs\/usr4\/results\/synthesis\/usr_nbit.synthesis_preroute.v/} /openLANE_flow/designs/usr_nbit/runs/usr4/config.tcl"

Wed Nov 10 12:24:54 UTC 2021 - Executing "magic -noconsole -dnull -rcfile /home/harshith/openlane/pdks/sky130A/libs.tech/magic/sky130A.magicrc /openLANE_flow/scripts/magic/mag_gds.tcl </dev/null |& tee >&@stdout /openLANE_flow/designs/usr_nbit/runs/usr4/logs/magic/27-magic.log"

Wed Nov 10 12:24:56 UTC 2021 - Executing "bash /openLANE_flow/scripts/klayout/scrotLayout.sh /home/harshith/openlane/pdks/sky130A/libs.tech/klayout/sky130A.lyt /openLANE_flow/designs/usr_nbit/runs/usr4/results/magic/usr_nbit.gds |& tee >&@stdout /openLANE_flow/designs/usr_nbit/runs/usr4/logs/klayout/28-klayout.scrot.log"

Wed Nov 10 12:25:00 UTC 2021 - Executing "magic -noconsole -dnull -rcfile /home/harshith/openlane/pdks/sky130A/libs.tech/magic/sky130A.magicrc /openLANE_flow/scripts/magic/gds_pointers.tcl </dev/null |& tee >&@stdout /openLANE_flow/designs/usr_nbit/runs/usr4/logs/magic/29-magic.mag.gds_ptrs.log"

Wed Nov 10 12:25:00 UTC 2021 - Executing "sed -i -n {/^<< properties >>/,/^<< end >>/p} /openLANE_flow/designs/usr_nbit/runs/usr4/tmp/magic/magic_gds_ptrs.mag"

Wed Nov 10 12:25:00 UTC 2021 - Executing "magic -noconsole -dnull -rcfile /home/harshith/openlane/pdks/sky130A/libs.tech/magic/sky130A.magicrc /openLANE_flow/scripts/magic/lef.tcl </dev/null |& tee >&@stdout /openLANE_flow/designs/usr_nbit/runs/usr4/logs/magic/30-magic.lef.log"

Wed Nov 10 12:25:01 UTC 2021 - Executing "magic -noconsole -dnull -rcfile /home/harshith/openlane/pdks/sky130A/libs.tech/magic/sky130A.magicrc /openLANE_flow/scripts/magic/maglef.tcl </dev/null |& tee >&@stdout /openLANE_flow/designs/usr_nbit/runs/usr4/logs/magic/31-magic.maglef.log"

Wed Nov 10 12:25:01 UTC 2021 - Executing "bash /openLANE_flow/scripts/klayout/def2gds.sh /home/harshith/openlane/pdks/sky130A/libs.tech/klayout/sky130A.lyt /openLANE_flow/designs/usr_nbit/runs/usr4/results/routing/usr_nbit.def usr_nbit /openLANE_flow/designs/usr_nbit/runs/usr4/results/klayout/usr_nbit.gds {/home/harshith/openlane/pdks/sky130A/libs.ref/sky130_fd_sc_hd/gds/sky130_ef_sc_hd__decap_12.gds /home/harshith/openlane/pdks/sky130A/libs.ref/sky130_fd_sc_hd/gds/sky130_ef_sc_hd__fakediode_2.gds /home/harshith/openlane/pdks/sky130A/libs.ref/sky130_fd_sc_hd/gds/sky130_ef_sc_hd__fill_12.gds /home/harshith/openlane/pdks/sky130A/libs.ref/sky130_fd_sc_hd/gds/sky130_fd_sc_hd.gds } |& tee >&@stdout /openLANE_flow/designs/usr_nbit/runs/usr4/logs/klayout/32-klayout.log"

Wed Nov 10 12:25:05 UTC 2021 - Executing "bash /openLANE_flow/scripts/klayout/scrotLayout.sh /home/harshith/openlane/pdks/sky130A/libs.tech/klayout/sky130A.lyt /openLANE_flow/designs/usr_nbit/runs/usr4/results/klayout/usr_nbit.gds |& tee >&@stdout /openLANE_flow/designs/usr_nbit/runs/usr4/logs/klayout/33-klayout.scrot.log"

Wed Nov 10 12:25:10 UTC 2021 - Executing "bash /openLANE_flow/scripts/klayout/xor.sh /openLANE_flow/designs/usr_nbit/runs/usr4/results/magic/usr_nbit.gds /openLANE_flow/designs/usr_nbit/runs/usr4/results/klayout/usr_nbit.gds usr_nbit /openLANE_flow/designs/usr_nbit/runs/usr4/results/klayout/usr_nbit.xor.gds |& tee >&@stdout /openLANE_flow/designs/usr_nbit/runs/usr4/logs/klayout/34-klayout.xor.log"

Wed Nov 10 12:25:15 UTC 2021 - Executing "python3 /openLANE_flow/scripts/parse_klayout_xor_log.py -l /openLANE_flow/designs/usr_nbit/runs/usr4/logs/klayout/34-klayout.xor.log -o /openLANE_flow/designs/usr_nbit/runs/usr4/reports/klayout/34-klayout.xor.rpt"

Wed Nov 10 12:25:15 UTC 2021 - Executing "bash /openLANE_flow/scripts/klayout/scrotLayout.sh /home/harshith/openlane/pdks/sky130A/libs.tech/klayout/sky130A.lyt /openLANE_flow/designs/usr_nbit/runs/usr4/results/klayout/usr_nbit.xor.gds |& tee >&@stdout /openLANE_flow/designs/usr_nbit/runs/usr4/logs/klayout/35-klayout.scrot.log"

Wed Nov 10 12:25:19 UTC 2021 - Executing "bash /openLANE_flow/scripts/klayout/xor.sh /openLANE_flow/designs/usr_nbit/runs/usr4/results/magic/usr_nbit.gds /openLANE_flow/designs/usr_nbit/runs/usr4/results/klayout/usr_nbit.gds usr_nbit /openLANE_flow/designs/usr_nbit/runs/usr4/results/klayout/usr_nbit.xor.xml |& tee >&@stdout /openLANE_flow/designs/usr_nbit/runs/usr4/logs/klayout/36-klayout.xor.log"

Wed Nov 10 12:25:25 UTC 2021 - Executing "python3 /openLANE_flow/scripts/parse_klayout_xor_log.py -l /openLANE_flow/designs/usr_nbit/runs/usr4/logs/klayout/36-klayout.xor.log -o /openLANE_flow/designs/usr_nbit/runs/usr4/reports/klayout/36-klayout.xor.rpt"

Wed Nov 10 12:25:25 UTC 2021 - Executing "magic -noconsole -dnull -rcfile /home/harshith/openlane/pdks/sky130A/libs.tech/magic/sky130A.magicrc /openLANE_flow/designs/usr_nbit/runs/usr4/tmp/magic_spice.tcl </dev/null |& tee >&@stdout /openLANE_flow/designs/usr_nbit/runs/usr4/logs/magic/37-magic_spice.log"

Wed Nov 10 12:25:25 UTC 2021 - Executing "netgen -batch source /openLANE_flow/designs/usr_nbit/runs/usr4/tmp/lvs/setup_file.lef.lvs |& tee >&@stdout /openLANE_flow/designs/usr_nbit/runs/usr4/logs/lvs/38-lvs.lef.log"

Wed Nov 10 12:25:26 UTC 2021 - Executing "magic -noconsole -dnull -rcfile /home/harshith/openlane/pdks/sky130A/libs.tech/magic/sky130A.magicrc /openLANE_flow/scripts/magic/drc.tcl </dev/null |& tee >&@stdout /openLANE_flow/designs/usr_nbit/runs/usr4/logs/magic/39-magic.drc.log"

Wed Nov 10 12:25:26 UTC 2021 - Executing "python3 /openLANE_flow/scripts/magic_drc_to_tcl.py -i /openLANE_flow/designs/usr_nbit/runs/usr4/reports/magic/39-magic.drc -o /openLANE_flow/designs/usr_nbit/runs/usr4/reports/magic/39-magic.drc.tcl"

Wed Nov 10 12:25:26 UTC 2021 - Executing "python3 /openLANE_flow/scripts/magic_drc_to_tr_drc.py -i /openLANE_flow/designs/usr_nbit/runs/usr4/reports/magic/39-magic.drc -o /openLANE_flow/designs/usr_nbit/runs/usr4/reports/magic/39-magic.tr.drc"

Wed Nov 10 12:25:26 UTC 2021 - Executing "python3 /openLANE_flow/scripts/tr2klayout.py -i /openLANE_flow/designs/usr_nbit/runs/usr4/reports/magic/39-magic.tr.drc -o /openLANE_flow/designs/usr_nbit/runs/usr4/reports/magic/39-magic.drc.klayout.xml --design-name usr_nbit"

Wed Nov 10 12:25:26 UTC 2021 - Executing "python3 /openLANE_flow/scripts/magic_drc_to_rdb.py --magic_drc_in /openLANE_flow/designs/usr_nbit/runs/usr4/reports/magic/39-magic.drc --rdb_out /openLANE_flow/designs/usr_nbit/runs/usr4/reports/magic/39-magic.drc.rdb"

Wed Nov 10 12:25:27 UTC 2021 - Executing "openroad -exit /openLANE_flow/scripts/openroad/or_antenna_check.tcl |& tee >&@stdout /openLANE_flow/designs/usr_nbit/runs/usr4/logs/routing/40-or_antenna.log"

Wed Nov 10 12:25:27 UTC 2021 - Executing "mv -f /openLANE_flow/designs/usr_nbit/runs/usr4/reports/routing/antenna.rpt /openLANE_flow/designs/usr_nbit/runs/usr4/reports/routing/41-antenna.rpt"

Wed Nov 10 12:25:28 UTC 2021 - Executing "awk { BEGIN {  # Print power and standard_input definitions
    print "VPWR power 1.8";
    print "VGND power 0.0";
    print "#define std_input min@VGND max@VPWR";
}
$1 == "input" {  # Print input nets
    gsub(/;/, "");
    if ( $2 == "VPWR" || $2 == "VGND" ) {  # ignore power nets
        next;
    }
    if ( NF == 3 ) {  # print buses as net[range]
        $2 = $3 $2;
    }
    print $2, "input std_input";
}} /openLANE_flow/designs/usr_nbit/runs/usr4/results/lvs/usr_nbit.lvs.powered.v > /openLANE_flow/designs/usr_nbit/runs/usr4/results/cvc/usr_nbit.power"

Wed Nov 10 12:25:28 UTC 2021 - Executing "awk { /Black-box entry subcircuit/ {  # remove black-box defintions
    while ( $1 != ".ends" ) {
        getline;
    }
    getline;
}
/^\*/ {  # remove comments
    next;
}
/^.ENDS .*/ {  # remove name from ends lines
    print $1;
    next;
}
 {
    print $0;
}} /home/harshith/openlane/pdks/sky130A/libs.ref/sky130_fd_sc_hd/cdl/sky130_fd_sc_hd.cdl /openLANE_flow/designs/usr_nbit/runs/usr4/results/magic/usr_nbit.lef.spice > /openLANE_flow/designs/usr_nbit/runs/usr4/results/cvc/usr_nbit.cdl"

Wed Nov 10 12:25:28 UTC 2021 - Executing "cvc /openLANE_flow/scripts/cvc/sky130A/cvcrc.sky130A |& tee >&@stdout /openLANE_flow/designs/usr_nbit/runs/usr4/logs/cvc/42-cvc_screen.log"

Wed Nov 10 12:25:28 UTC 2021 - Executing "python3 /openLANE_flow/report_generation_wrapper.py -d /openLANE_flow/designs/usr_nbit -dn usr_nbit -t usr4 -o /openLANE_flow/designs/usr_nbit/runs/usr4/reports/final_summary_report.csv -m /openLANE_flow/designs/usr_nbit/runs/usr4/reports/manufacturability_report.rpt -rs /openLANE_flow/designs/usr_nbit/runs/usr4/reports/runtime_summary_report.rpt -r /openLANE_flow/designs/usr_nbit/runs/usr4"

