[INFO]: Current run directory is /openLANE_flow/designs/usr_nbit/runs/usr4
[INFO]: Preparing LEF Files
[INFO]: Extracting the number of available metal layers from /home/harshith/openlane/pdks/sky130A/libs.ref/sky130_fd_sc_hd/techlef/sky130_fd_sc_hd.tlef
[INFO]: The number of available metal layers is 6
[INFO]: The available metal layers are li1 met1 met2 met3 met4 met5
[INFO]: Merging LEF Files...
[INFO]: Trimming Liberty...
[INFO]: Generating Exclude List...
[INFO]: Storing configs into config.tcl ...
[INFO]: Preparation complete
[INFO]: Running Synthesis...
[INFO]: current step index: 1
[INFO]: Changing netlist from 0 to /openLANE_flow/designs/usr_nbit/runs/usr4/results/synthesis/usr_nbit.synthesis.v
[INFO]: Running Static Timing Analysis...
[INFO]: current step index: 2
[INFO]: Synthesis was successful
[INFO]: Running Floorplanning...
[INFO]: Running Initial Floorplanning...
[INFO]: current step index: 3
[INFO]: Core area width: 28.52
[INFO]: Core area height: 27.199999999999996
[WARNING]: Current core area is too small for a power grid
[WARNING]: Minimizing the power grid!!!!
[INFO]: Changing layout from 0 to /openLANE_flow/designs/usr_nbit/runs/usr4/tmp/floorplan/3-verilog2def_openroad.def
[INFO]: Running IO Placement...
[INFO]: current step index: 4
[INFO]: Changing layout from /openLANE_flow/designs/usr_nbit/runs/usr4/tmp/floorplan/3-verilog2def_openroad.def to /openLANE_flow/designs/usr_nbit/runs/usr4/tmp/floorplan/4-ioPlacer.def
[INFO]: Running Tap/Decap Insertion...
[INFO]: current step index: 5
[INFO]: Changing layout from /openLANE_flow/designs/usr_nbit/runs/usr4/tmp/floorplan/4-ioPlacer.def to /openLANE_flow/designs/usr_nbit/runs/usr4/results/floorplan/usr_nbit.floorplan.def
[INFO]: Taking a Screenshot of the Layout Using Klayout...
[INFO]: current step index: 6
[INFO]: Screenshot taken.
[INFO]: Power planning the following nets
[INFO]: Power: VPWR
[INFO]: Ground: VGND
[INFO]: Generating PDN...
[INFO]: current step index: 7
[INFO]: PDN generation was successful.
[INFO]: Changing layout from /openLANE_flow/designs/usr_nbit/runs/usr4/results/floorplan/usr_nbit.floorplan.def to /openLANE_flow/designs/usr_nbit/runs/usr4/tmp/floorplan/7-pdn.def
[INFO]: Running Placement...
[INFO]: Running Global Placement...
[INFO]: current step index: 8
[INFO]: Global placement was successful
[INFO]: Changing layout from /openLANE_flow/designs/usr_nbit/runs/usr4/tmp/floorplan/7-pdn.def to /openLANE_flow/designs/usr_nbit/runs/usr4/tmp/placement/8-replace.def
[INFO]: Skipping OpenPhySyn Timing Optimizations.
[INFO]: Running Resizer Design Optimizations...
[INFO]: Generating Exclude List...
[INFO]: Creating ::env(DONT_USE_CELLS)...
[INFO]: Changing layout from /openLANE_flow/designs/usr_nbit/runs/usr4/tmp/placement/8-replace.def to /openLANE_flow/designs/usr_nbit/runs/usr4/tmp/placement/8-resizer.def
[INFO]: Writing Verilog...
[INFO]: current step index: 9
[INFO]: Changing netlist from /openLANE_flow/designs/usr_nbit/runs/usr4/results/synthesis/usr_nbit.synthesis.v to /openLANE_flow/designs/usr_nbit/runs/usr4/results/synthesis/usr_nbit.synthesis_optimized.v
[INFO]: Running Static Timing Analysis...
[INFO]: current step index: 10
[INFO]: Running Detailed Placement...
[INFO]: current step index: 11
[INFO]: Changing layout from /openLANE_flow/designs/usr_nbit/runs/usr4/tmp/placement/8-resizer.def to /openLANE_flow/designs/usr_nbit/runs/usr4/results/placement/usr_nbit.placement.def
[INFO]: Changing layout from /openLANE_flow/designs/usr_nbit/runs/usr4/results/placement/usr_nbit.placement.def to /openLANE_flow/designs/usr_nbit/runs/usr4/results/placement/usr_nbit.placement.def
[INFO]: Taking a Screenshot of the Layout Using Klayout...
[INFO]: current step index: 12
[INFO]: Screenshot taken.
[INFO]: Running TritonCTS...
[INFO]: current step index: 13
[INFO]: Trimming Liberty...
[INFO]: Generating Exclude List...
[INFO]: Clock Tree Synthesis was successful
[INFO]: Changing layout from /openLANE_flow/designs/usr_nbit/runs/usr4/results/placement/usr_nbit.placement.def to /openLANE_flow/designs/usr_nbit/runs/usr4/results/cts/usr_nbit.cts.def
[INFO]: Writing Verilog...
[INFO]: current step index: 14
[INFO]: Changing netlist from /openLANE_flow/designs/usr_nbit/runs/usr4/results/synthesis/usr_nbit.synthesis_optimized.v to /openLANE_flow/designs/usr_nbit/runs/usr4/results/synthesis/usr_nbit.synthesis_cts.v
[INFO]: Taking a Screenshot of the Layout Using Klayout...
[INFO]: current step index: 15
[INFO]: Screenshot taken.
[INFO]: Running Resizer Timing Optimizations...
[INFO]: Changing layout from /openLANE_flow/designs/usr_nbit/runs/usr4/results/cts/usr_nbit.cts.def to /openLANE_flow/designs/usr_nbit/runs/usr4/tmp/placement/15-resizer_timing.def
[INFO]: Writing Verilog...
[INFO]: current step index: 16
[INFO]: Changing netlist from /openLANE_flow/designs/usr_nbit/runs/usr4/results/synthesis/usr_nbit.synthesis_cts.v to /openLANE_flow/designs/usr_nbit/runs/usr4/results/synthesis/usr_nbit.synthesis_optimized.v
[INFO]: Running Static Timing Analysis...
[INFO]: current step index: 17
[INFO]: Routing...
[INFO]: Running Global Routing...
[INFO]: current step index: 18
[INFO]: Changing layout from /openLANE_flow/designs/usr_nbit/runs/usr4/tmp/placement/15-resizer_timing.def to /openLANE_flow/designs/usr_nbit/runs/usr4/tmp/routing/18-fastroute.def
[INFO]: Changing layout from 0 to /openLANE_flow/designs/usr_nbit/runs/usr4/tmp/routing/18-fastroute.guide
[INFO]: Changing layout from /openLANE_flow/designs/usr_nbit/runs/usr4/tmp/routing/18-fastroute.def to /openLANE_flow/designs/usr_nbit/runs/usr4/tmp/routing/18-fastroute.def
[INFO]: Changing layout from /openLANE_flow/designs/usr_nbit/runs/usr4/tmp/routing/18-fastroute.guide to /openLANE_flow/designs/usr_nbit/runs/usr4/tmp/routing/18-fastroute.guide
[INFO]: Current Def is /openLANE_flow/designs/usr_nbit/runs/usr4/tmp/routing/18-fastroute.def
[INFO]: Current Guide is /openLANE_flow/designs/usr_nbit/runs/usr4/tmp/routing/18-fastroute.guide
[INFO]: Running Fill Insertion...
[INFO]: current step index: 19
[INFO]: Changing layout from /openLANE_flow/designs/usr_nbit/runs/usr4/tmp/routing/18-fastroute.def to /openLANE_flow/designs/usr_nbit/runs/usr4/tmp/routing/19-addspacers.def
[INFO]: Writing Verilog...
[INFO]: current step index: 20
[INFO]: Changing netlist from /openLANE_flow/designs/usr_nbit/runs/usr4/results/synthesis/usr_nbit.synthesis_optimized.v to /openLANE_flow/designs/usr_nbit/runs/usr4/results/synthesis/usr_nbit.synthesis_preroute.v
[INFO]: Running Detailed Routing...
[INFO]: current step index: 21
[INFO]: No DRC violations after detailed routing.
[INFO]: Changing layout from /openLANE_flow/designs/usr_nbit/runs/usr4/tmp/routing/19-addspacers.def to /openLANE_flow/designs/usr_nbit/runs/usr4/results/routing/usr_nbit.def
[INFO]: Taking a Screenshot of the Layout Using Klayout...
[INFO]: current step index: 22
[INFO]: Screenshot taken.
[INFO]: Running SPEF Extraction...
[INFO]: current step index: 23
[INFO]: Running Static Timing Analysis...
[INFO]: current step index: 24
[INFO]: Calculating Runtime From the Start...
[INFO]: Routing completed for usr_nbit/10-11_12-23 in 0h1m42s
[INFO]: Writing Powered Verilog...
[INFO]: current step index: 25
[INFO]: Writing Verilog...
[INFO]: current step index: 26
[INFO]: Yosys won't attempt to rewrite verilog, and the OpenROAD output will be used as is.
[INFO]: Changing netlist from /openLANE_flow/designs/usr_nbit/runs/usr4/results/synthesis/usr_nbit.synthesis_preroute.v to /openLANE_flow/designs/usr_nbit/runs/usr4/results/lvs/usr_nbit.lvs.powered.v
[INFO]: Running Magic to generate various views...
[INFO]: Streaming out GDS II...
[INFO]: current step index: 27
[INFO]: Taking a Screenshot of the Layout Using Klayout...
[INFO]: current step index: 28
[INFO]: Screenshot taken.
[INFO]: current step index: 29
[INFO]: current step index: 30
[INFO]: current step index: 31
[INFO]: Running Klayout to re-generate GDS-II...
[INFO]: Streaming out GDS II...
[INFO]: current step index: 32
[INFO]: Back-up GDS-II streamed out.
[INFO]: Taking a Screenshot of the Layout Using Klayout...
[INFO]: current step index: 33
[INFO]: Screenshot taken.
[INFO]: Running XOR on the layouts using Klayout...
[INFO]: current step index: 34
[INFO]: Taking a Screenshot of the Layout Using Klayout...
[INFO]: current step index: 35
[INFO]: Screenshot taken.
[INFO]: current step index: 36
[INFO]: Klayout XOR Complete
[INFO]: Running Magic Spice Export from LEF...
[INFO]: current step index: 37
[INFO]: No Illegal overlaps detected during extraction.
[INFO]: Running LEF LVS...
[INFO]: /openLANE_flow/designs/usr_nbit/runs/usr4/results/magic/usr_nbit.spice against /openLANE_flow/designs/usr_nbit/runs/usr4/results/lvs/usr_nbit.lvs.powered.v
[INFO]: current step index: 38
[INFO]: No LVS mismatches.
[INFO]: Running Magic DRC...
[INFO]: current step index: 39
[INFO]: Converting Magic DRC Violations to Magic Readable Format...
[INFO]: Converting Magic DRC Violations to Klayout XML Database...
[INFO]: Converting DRC Violations to RDB Format...
[INFO]: Converted DRC Violations to RDB Format
[INFO]: No DRC violations after GDS streaming out.
[INFO]: Running Antenna Checks...
[INFO]: Running OpenROAD Antenna Rule Checker...
[INFO]: current step index: 40
[INFO]: current step index: 41
[INFO]: Running CVC
[INFO]: current step index: 42
[INFO]: Calculating Runtime From the Start...
[INFO]: Flow completed for usr_nbit/10-11_12-23 in 0h2m17s
[INFO]: Generating Final Summary Report...
[INFO]: Design Name: usr_nbit
Run Directory: /openLANE_flow/designs/usr_nbit/runs/usr4
----------------------------------------

Magic DRC Summary:
Source: /openLANE_flow/designs/usr_nbit/runs/usr4/reports/magic//39-magic.drc
Total Magic DRC violations is 0
----------------------------------------

LVS Summary:
Source: /openLANE_flow/designs/usr_nbit/runs/usr4/results/lvs/usr_nbit.lvs_parsed.lef.log
LVS reports no net, device, pin, or property mismatches.
Total errors = 0
----------------------------------------

Antenna Summary:
Source: /openLANE_flow/designs/usr_nbit/runs/usr4/reports/routing//41-antenna.rpt
Number of pins violated: 0
Number of nets violated: 0
[INFO]: check full report here: /openLANE_flow/designs/usr_nbit/runs/usr4/reports/final_summary_report.csv
[SUCCESS]: Flow Completed Without Fatal Errors.
