Startpoint: _39_ (rising edge-triggered flip-flop clocked by clk)
Endpoint: _39_ (rising edge-triggered flip-flop clocked by clk)
Path Group: clk
Path Type: min

Fanout     Cap    Slew   Delay    Time   Description
-----------------------------------------------------------------------------
                  0.00    0.00    0.00   clock clk (rise edge)
                          0.00    0.00   clock network delay (ideal)
                  0.00    0.00    0.00 ^ _39_/CLK (sky130_fd_sc_hd__dfxtp_1)
                  0.03    0.18    0.18 ^ _39_/Q (sky130_fd_sc_hd__dfxtp_1)
     3    0.00                           net10 (net)
                  0.03    0.00    0.18 ^ _23_/B1 (sky130_fd_sc_hd__o221a_1)
                  0.03    0.08    0.26 ^ _23_/X (sky130_fd_sc_hd__o221a_1)
     1    0.00                           _06_ (net)
                  0.03    0.00    0.26 ^ _39_/D (sky130_fd_sc_hd__dfxtp_1)
                                  0.26   data arrival time

                  0.00    0.00    0.00   clock clk (rise edge)
                          0.00    0.00   clock network delay (ideal)
                          0.00    0.00   clock reconvergence pessimism
                                  0.00 ^ _39_/CLK (sky130_fd_sc_hd__dfxtp_1)
                         -0.02   -0.02   library hold time
                                 -0.02   data required time
-----------------------------------------------------------------------------
                                 -0.02   data required time
                                 -0.26   data arrival time
-----------------------------------------------------------------------------
                                  0.28   slack (MET)


Startpoint: select[0] (input port clocked by clk)
Endpoint: _39_ (rising edge-triggered flip-flop clocked by clk)
Path Group: clk
Path Type: max

Fanout     Cap    Slew   Delay    Time   Description
-----------------------------------------------------------------------------
                  0.00    0.00    0.00   clock clk (rise edge)
                          0.00    0.00   clock network delay (ideal)
                          2.00    2.00 v input external delay
                  0.01    0.00    2.00 v select[0] (in)
     1    0.00                           select[0] (net)
                  0.01    0.00    2.00 v input8/A (sky130_fd_sc_hd__clkbuf_1)
                  0.07    0.15    2.15 v input8/X (sky130_fd_sc_hd__clkbuf_1)
     2    0.00                           net8 (net)
                  0.07    0.00    2.15 v _25_/A (sky130_fd_sc_hd__clkbuf_2)
                  0.04    0.18    2.33 v _25_/X (sky130_fd_sc_hd__clkbuf_2)
     5    0.00                           _12_ (net)
                  0.04    0.00    2.33 v _26_/A (sky130_fd_sc_hd__inv_2)
                  0.17    0.15    2.48 ^ _26_/Y (sky130_fd_sc_hd__inv_2)
     5    0.02                           _00_ (net)
                  0.17    0.00    2.48 ^ _28_/A (sky130_fd_sc_hd__nor2_2)
                  0.06    0.12    2.59 v _28_/Y (sky130_fd_sc_hd__nor2_2)
     4    0.01                           _14_ (net)
                  0.06    0.00    2.59 v _29_/B2 (sky130_fd_sc_hd__a32o_1)
                  0.07    0.37    2.96 v _29_/X (sky130_fd_sc_hd__a32o_1)
     1    0.00                           _01_ (net)
                  0.07    0.00    2.96 v _34_/A0 (sky130_fd_sc_hd__mux2_1)
                  0.12    0.64    3.60 v _34_/X (sky130_fd_sc_hd__mux2_1)
     1    0.00                           _17_ (net)
                  0.12    0.00    3.60 v _23_/A1 (sky130_fd_sc_hd__o221a_1)
                  0.09    0.49    4.08 v _23_/X (sky130_fd_sc_hd__o221a_1)
     1    0.00                           _06_ (net)
                  0.09    0.00    4.08 v _39_/D (sky130_fd_sc_hd__dfxtp_1)
                                  4.08   data arrival time

                  0.00   10.00   10.00   clock clk (rise edge)
                          0.00   10.00   clock network delay (ideal)
                          0.00   10.00   clock reconvergence pessimism
                                 10.00 ^ _39_/CLK (sky130_fd_sc_hd__dfxtp_1)
                         -0.30    9.70   library setup time
                                  9.70   data required time
-----------------------------------------------------------------------------
                                  9.70   data required time
                                 -4.08   data arrival time
-----------------------------------------------------------------------------
                                  5.62   slack (MET)


